<?xml version="1.0" encoding="UTF-8"?>
<testsuite xmlns:xsi="http://www.w3.org/2001/XMLSchema-instance" xsi:noNamespaceSchemaLocation="https://maven.apache.org/surefire/maven-surefire-plugin/xsd/surefire-test-report-3.0.xsd" version="3.0" name="com.udacity.security.service.SecurityServiceTest" time="0.985" tests="21" errors="0" skipped="0" failures="0">
  <properties>
    <property name="java.specification.version" value="17"/>
    <property name="sun.cpu.isalist" value="amd64"/>
    <property name="sun.jnu.encoding" value="Cp1252"/>
    <property name="java.class.path" value="D:\Java_Udacity\clone\HomeSecurity\security-service\target\test-classes;D:\Java_Udacity\clone\HomeSecurity\security-service\target\classes;C:\Users\thanh\.m2\repository\com\google\code\gson\gson\2.10\gson-2.10.jar;C:\Users\thanh\.m2\repository\com\google\guava\guava\31.1-jre\guava-31.1-jre.jar;C:\Users\thanh\.m2\repository\com\google\guava\failureaccess\1.0.1\failureaccess-1.0.1.jar;C:\Users\thanh\.m2\repository\com\google\guava\listenablefuture\9999.0-empty-to-avoid-conflict-with-guava\listenablefuture-9999.0-empty-to-avoid-conflict-with-guava.jar;C:\Users\thanh\.m2\repository\com\google\code\findbugs\jsr305\3.0.2\jsr305-3.0.2.jar;C:\Users\thanh\.m2\repository\org\checkerframework\checker-qual\3.12.0\checker-qual-3.12.0.jar;C:\Users\thanh\.m2\repository\com\google\errorprone\error_prone_annotations\2.11.0\error_prone_annotations-2.11.0.jar;C:\Users\thanh\.m2\repository\com\google\j2objc\j2objc-annotations\1.3\j2objc-annotations-1.3.jar;C:\Users\thanh\.m2\repository\com\miglayout\miglayout\3.7.4\miglayout-3.7.4.jar;C:\Users\thanh\.m2\repository\org\junit\jupiter\junit-jupiter-api\5.9.0\junit-jupiter-api-5.9.0.jar;C:\Users\thanh\.m2\repository\org\opentest4j\opentest4j\1.2.0\opentest4j-1.2.0.jar;C:\Users\thanh\.m2\repository\org\junit\platform\junit-platform-commons\1.9.0\junit-platform-commons-1.9.0.jar;C:\Users\thanh\.m2\repository\org\apiguardian\apiguardian-api\1.1.2\apiguardian-api-1.1.2.jar;C:\Users\thanh\.m2\repository\org\junit\jupiter\junit-jupiter-params\5.9.0\junit-jupiter-params-5.9.0.jar;C:\Users\thanh\.m2\repository\org\mockito\mockito-junit-jupiter\4.8.0\mockito-junit-jupiter-4.8.0.jar;C:\Users\thanh\.m2\repository\org\mockito\mockito-core\4.8.0\mockito-core-4.8.0.jar;C:\Users\thanh\.m2\repository\net\bytebuddy\byte-buddy\1.12.14\byte-buddy-1.12.14.jar;C:\Users\thanh\.m2\repository\net\bytebuddy\byte-buddy-agent\1.12.14\byte-buddy-agent-1.12.14.jar;C:\Users\thanh\.m2\repository\org\objenesis\objenesis\3.2\objenesis-3.2.jar;D:\Java_Udacity\clone\HomeSecurity\image-service\target\image-1.0-SNAPSHOT.jar;C:\Users\thanh\.m2\repository\org\slf4j\slf4j-api\2.0.4\slf4j-api-2.0.4.jar;C:\Users\thanh\.m2\repository\software\amazon\awssdk\auth\2.18.21\auth-2.18.21.jar;C:\Users\thanh\.m2\repository\software\amazon\awssdk\annotations\2.18.21\annotations-2.18.21.jar;C:\Users\thanh\.m2\repository\software\amazon\awssdk\utils\2.18.21\utils-2.18.21.jar;C:\Users\thanh\.m2\repository\org\reactivestreams\reactive-streams\1.0.3\reactive-streams-1.0.3.jar;C:\Users\thanh\.m2\repository\software\amazon\awssdk\sdk-core\2.18.21\sdk-core-2.18.21.jar;C:\Users\thanh\.m2\repository\software\amazon\awssdk\endpoints-spi\2.18.21\endpoints-spi-2.18.21.jar;C:\Users\thanh\.m2\repository\software\amazon\awssdk\profiles\2.18.21\profiles-2.18.21.jar;C:\Users\thanh\.m2\repository\software\amazon\awssdk\http-client-spi\2.18.21\http-client-spi-2.18.21.jar;C:\Users\thanh\.m2\repository\software\amazon\awssdk\json-utils\2.18.21\json-utils-2.18.21.jar;C:\Users\thanh\.m2\repository\software\amazon\awssdk\third-party-jackson-core\2.18.21\third-party-jackson-core-2.18.21.jar;C:\Users\thanh\.m2\repository\software\amazon\eventstream\eventstream\1.0.1\eventstream-1.0.1.jar;C:\Users\thanh\.m2\repository\software\amazon\awssdk\regions\2.18.21\regions-2.18.21.jar;C:\Users\thanh\.m2\repository\software\amazon\awssdk\rekognition\2.18.21\rekognition-2.18.21.jar;C:\Users\thanh\.m2\repository\software\amazon\awssdk\aws-json-protocol\2.18.21\aws-json-protocol-2.18.21.jar;C:\Users\thanh\.m2\repository\software\amazon\awssdk\protocol-core\2.18.21\protocol-core-2.18.21.jar;C:\Users\thanh\.m2\repository\software\amazon\awssdk\aws-core\2.18.21\aws-core-2.18.21.jar;C:\Users\thanh\.m2\repository\software\amazon\awssdk\metrics-spi\2.18.21\metrics-spi-2.18.21.jar;C:\Users\thanh\.m2\repository\software\amazon\awssdk\apache-client\2.18.21\apache-client-2.18.21.jar;C:\Users\thanh\.m2\repository\org\apache\httpcomponents\httpclient\4.5.13\httpclient-4.5.13.jar;C:\Users\thanh\.m2\repository\commons-logging\commons-logging\1.2\commons-logging-1.2.jar;C:\Users\thanh\.m2\repository\commons-codec\commons-codec\1.11\commons-codec-1.11.jar;C:\Users\thanh\.m2\repository\org\apache\httpcomponents\httpcore\4.4.13\httpcore-4.4.13.jar;C:\Users\thanh\.m2\repository\software\amazon\awssdk\netty-nio-client\2.18.21\netty-nio-client-2.18.21.jar;C:\Users\thanh\.m2\repository\io\netty\netty-codec-http\4.1.77.Final\netty-codec-http-4.1.77.Final.jar;C:\Users\thanh\.m2\repository\io\netty\netty-codec-http2\4.1.77.Final\netty-codec-http2-4.1.77.Final.jar;C:\Users\thanh\.m2\repository\io\netty\netty-codec\4.1.77.Final\netty-codec-4.1.77.Final.jar;C:\Users\thanh\.m2\repository\io\netty\netty-transport\4.1.77.Final\netty-transport-4.1.77.Final.jar;C:\Users\thanh\.m2\repository\io\netty\netty-resolver\4.1.77.Final\netty-resolver-4.1.77.Final.jar;C:\Users\thanh\.m2\repository\io\netty\netty-common\4.1.77.Final\netty-common-4.1.77.Final.jar;C:\Users\thanh\.m2\repository\io\netty\netty-buffer\4.1.77.Final\netty-buffer-4.1.77.Final.jar;C:\Users\thanh\.m2\repository\io\netty\netty-handler\4.1.77.Final\netty-handler-4.1.77.Final.jar;C:\Users\thanh\.m2\repository\io\netty\netty-transport-classes-epoll\4.1.77.Final\netty-transport-classes-epoll-4.1.77.Final.jar;C:\Users\thanh\.m2\repository\io\netty\netty-transport-native-unix-common\4.1.77.Final\netty-transport-native-unix-common-4.1.77.Final.jar;"/>
    <property name="java.vm.vendor" value="Eclipse Adoptium"/>
    <property name="sun.arch.data.model" value="64"/>
    <property name="user.variant" value=""/>
    <property name="java.vendor.url" value="https://adoptium.net/"/>
    <property name="user.timezone" value="Asia/Saigon"/>
    <property name="os.name" value="Windows 11"/>
    <property name="java.vm.specification.version" value="17"/>
    <property name="sun.java.launcher" value="SUN_STANDARD"/>
    <property name="user.country" value="US"/>
    <property name="sun.boot.library.path" value="D:\IDE\sts-4.16.0.RELEASE\plugins\org.eclipse.justj.openjdk.hotspot.jre.full.win32.x86_64_17.0.4.v20220903-1038\jre\bin"/>
    <property name="sun.java.command" value="C:\Users\thanh\AppData\Local\Temp\surefire15222291876361339770\surefirebooter-20240913002110797_3.jar C:\Users\thanh\AppData\Local\Temp\surefire15222291876361339770 2024-09-13T00-21-07_546-jvmRun1 surefire-20240913002110797_1tmp surefire_0-20240913002110797_2tmp"/>
    <property name="jdk.debug" value="release"/>
    <property name="surefire.test.class.path" value="D:\Java_Udacity\clone\HomeSecurity\security-service\target\test-classes;D:\Java_Udacity\clone\HomeSecurity\security-service\target\classes;C:\Users\thanh\.m2\repository\com\google\code\gson\gson\2.10\gson-2.10.jar;C:\Users\thanh\.m2\repository\com\google\guava\guava\31.1-jre\guava-31.1-jre.jar;C:\Users\thanh\.m2\repository\com\google\guava\failureaccess\1.0.1\failureaccess-1.0.1.jar;C:\Users\thanh\.m2\repository\com\google\guava\listenablefuture\9999.0-empty-to-avoid-conflict-with-guava\listenablefuture-9999.0-empty-to-avoid-conflict-with-guava.jar;C:\Users\thanh\.m2\repository\com\google\code\findbugs\jsr305\3.0.2\jsr305-3.0.2.jar;C:\Users\thanh\.m2\repository\org\checkerframework\checker-qual\3.12.0\checker-qual-3.12.0.jar;C:\Users\thanh\.m2\repository\com\google\errorprone\error_prone_annotations\2.11.0\error_prone_annotations-2.11.0.jar;C:\Users\thanh\.m2\repository\com\google\j2objc\j2objc-annotations\1.3\j2objc-annotations-1.3.jar;C:\Users\thanh\.m2\repository\com\miglayout\miglayout\3.7.4\miglayout-3.7.4.jar;C:\Users\thanh\.m2\repository\org\junit\jupiter\junit-jupiter-api\5.9.0\junit-jupiter-api-5.9.0.jar;C:\Users\thanh\.m2\repository\org\opentest4j\opentest4j\1.2.0\opentest4j-1.2.0.jar;C:\Users\thanh\.m2\repository\org\junit\platform\junit-platform-commons\1.9.0\junit-platform-commons-1.9.0.jar;C:\Users\thanh\.m2\repository\org\apiguardian\apiguardian-api\1.1.2\apiguardian-api-1.1.2.jar;C:\Users\thanh\.m2\repository\org\junit\jupiter\junit-jupiter-params\5.9.0\junit-jupiter-params-5.9.0.jar;C:\Users\thanh\.m2\repository\org\mockito\mockito-junit-jupiter\4.8.0\mockito-junit-jupiter-4.8.0.jar;C:\Users\thanh\.m2\repository\org\mockito\mockito-core\4.8.0\mockito-core-4.8.0.jar;C:\Users\thanh\.m2\repository\net\bytebuddy\byte-buddy\1.12.14\byte-buddy-1.12.14.jar;C:\Users\thanh\.m2\repository\net\bytebuddy\byte-buddy-agent\1.12.14\byte-buddy-agent-1.12.14.jar;C:\Users\thanh\.m2\repository\org\objenesis\objenesis\3.2\objenesis-3.2.jar;D:\Java_Udacity\clone\HomeSecurity\image-service\target\image-1.0-SNAPSHOT.jar;C:\Users\thanh\.m2\repository\org\slf4j\slf4j-api\2.0.4\slf4j-api-2.0.4.jar;C:\Users\thanh\.m2\repository\software\amazon\awssdk\auth\2.18.21\auth-2.18.21.jar;C:\Users\thanh\.m2\repository\software\amazon\awssdk\annotations\2.18.21\annotations-2.18.21.jar;C:\Users\thanh\.m2\repository\software\amazon\awssdk\utils\2.18.21\utils-2.18.21.jar;C:\Users\thanh\.m2\repository\org\reactivestreams\reactive-streams\1.0.3\reactive-streams-1.0.3.jar;C:\Users\thanh\.m2\repository\software\amazon\awssdk\sdk-core\2.18.21\sdk-core-2.18.21.jar;C:\Users\thanh\.m2\repository\software\amazon\awssdk\endpoints-spi\2.18.21\endpoints-spi-2.18.21.jar;C:\Users\thanh\.m2\repository\software\amazon\awssdk\profiles\2.18.21\profiles-2.18.21.jar;C:\Users\thanh\.m2\repository\software\amazon\awssdk\http-client-spi\2.18.21\http-client-spi-2.18.21.jar;C:\Users\thanh\.m2\repository\software\amazon\awssdk\json-utils\2.18.21\json-utils-2.18.21.jar;C:\Users\thanh\.m2\repository\software\amazon\awssdk\third-party-jackson-core\2.18.21\third-party-jackson-core-2.18.21.jar;C:\Users\thanh\.m2\repository\software\amazon\eventstream\eventstream\1.0.1\eventstream-1.0.1.jar;C:\Users\thanh\.m2\repository\software\amazon\awssdk\regions\2.18.21\regions-2.18.21.jar;C:\Users\thanh\.m2\repository\software\amazon\awssdk\rekognition\2.18.21\rekognition-2.18.21.jar;C:\Users\thanh\.m2\repository\software\amazon\awssdk\aws-json-protocol\2.18.21\aws-json-protocol-2.18.21.jar;C:\Users\thanh\.m2\repository\software\amazon\awssdk\protocol-core\2.18.21\protocol-core-2.18.21.jar;C:\Users\thanh\.m2\repository\software\amazon\awssdk\aws-core\2.18.21\aws-core-2.18.21.jar;C:\Users\thanh\.m2\repository\software\amazon\awssdk\metrics-spi\2.18.21\metrics-spi-2.18.21.jar;C:\Users\thanh\.m2\repository\software\amazon\awssdk\apache-client\2.18.21\apache-client-2.18.21.jar;C:\Users\thanh\.m2\repository\org\apache\httpcomponents\httpclient\4.5.13\httpclient-4.5.13.jar;C:\Users\thanh\.m2\repository\commons-logging\commons-logging\1.2\commons-logging-1.2.jar;C:\Users\thanh\.m2\repository\commons-codec\commons-codec\1.11\commons-codec-1.11.jar;C:\Users\thanh\.m2\repository\org\apache\httpcomponents\httpcore\4.4.13\httpcore-4.4.13.jar;C:\Users\thanh\.m2\repository\software\amazon\awssdk\netty-nio-client\2.18.21\netty-nio-client-2.18.21.jar;C:\Users\thanh\.m2\repository\io\netty\netty-codec-http\4.1.77.Final\netty-codec-http-4.1.77.Final.jar;C:\Users\thanh\.m2\repository\io\netty\netty-codec-http2\4.1.77.Final\netty-codec-http2-4.1.77.Final.jar;C:\Users\thanh\.m2\repository\io\netty\netty-codec\4.1.77.Final\netty-codec-4.1.77.Final.jar;C:\Users\thanh\.m2\repository\io\netty\netty-transport\4.1.77.Final\netty-transport-4.1.77.Final.jar;C:\Users\thanh\.m2\repository\io\netty\netty-resolver\4.1.77.Final\netty-resolver-4.1.77.Final.jar;C:\Users\thanh\.m2\repository\io\netty\netty-common\4.1.77.Final\netty-common-4.1.77.Final.jar;C:\Users\thanh\.m2\repository\io\netty\netty-buffer\4.1.77.Final\netty-buffer-4.1.77.Final.jar;C:\Users\thanh\.m2\repository\io\netty\netty-handler\4.1.77.Final\netty-handler-4.1.77.Final.jar;C:\Users\thanh\.m2\repository\io\netty\netty-transport-classes-epoll\4.1.77.Final\netty-transport-classes-epoll-4.1.77.Final.jar;C:\Users\thanh\.m2\repository\io\netty\netty-transport-native-unix-common\4.1.77.Final\netty-transport-native-unix-common-4.1.77.Final.jar;"/>
    <property name="sun.cpu.endian" value="little"/>
    <property name="user.home" value="C:\Users\thanh"/>
    <property name="user.language" value="en"/>
    <property name="java.specification.vendor" value="Oracle Corporation"/>
    <property name="java.version.date" value="2022-08-12"/>
    <property name="java.home" value="D:\IDE\sts-4.16.0.RELEASE\plugins\org.eclipse.justj.openjdk.hotspot.jre.full.win32.x86_64_17.0.4.v20220903-1038\jre"/>
    <property name="file.separator" value="\"/>
    <property name="style.color" value="always"/>
    <property name="basedir" value="D:\Java_Udacity\clone\HomeSecurity\security-service"/>
    <property name="java.vm.compressedOopsMode" value="Zero based"/>
    <property name="line.separator" value="&#10;"/>
    <property name="java.vm.specification.vendor" value="Oracle Corporation"/>
    <property name="java.specification.name" value="Java Platform API Specification"/>
    <property name="surefire.real.class.path" value="C:\Users\thanh\AppData\Local\Temp\surefire15222291876361339770\surefirebooter-20240913002110797_3.jar"/>
    <property name="user.script" value=""/>
    <property name="sun.management.compiler" value="HotSpot 64-Bit Tiered Compilers"/>
    <property name="java.runtime.version" value="17.0.4.1+1"/>
    <property name="user.name" value="thanh"/>
    <property name="path.separator" value=";"/>
    <property name="os.version" value="10.0"/>
    <property name="java.runtime.name" value="OpenJDK Runtime Environment"/>
    <property name="file.encoding" value="Cp1252"/>
    <property name="java.vm.name" value="OpenJDK 64-Bit Server VM"/>
    <property name="java.vendor.version" value="Temurin-17.0.4.1+1"/>
    <property name="localRepository" value="C:\Users\thanh\.m2\repository"/>
    <property name="java.vendor.url.bug" value="https://github.com/adoptium/adoptium-support/issues"/>
    <property name="java.io.tmpdir" value="C:\Users\thanh\AppData\Local\Temp\"/>
    <property name="java.version" value="17.0.4.1"/>
    <property name="user.dir" value="D:\Java_Udacity\clone\HomeSecurity\security-service"/>
    <property name="os.arch" value="amd64"/>
    <property name="java.vm.specification.name" value="Java Virtual Machine Specification"/>
    <property name="sun.os.patch.level" value=""/>
    <property name="native.encoding" value="Cp1252"/>
    <property name="java.library.path" value="D:\IDE\sts-4.16.0.RELEASE\plugins\org.eclipse.justj.openjdk.hotspot.jre.full.win32.x86_64_17.0.4.v20220903-1038\jre\bin;C:\WINDOWS\Sun\Java\bin;C:\WINDOWS\system32;C:\WINDOWS;D:/IDE/sts-4.16.0.RELEASE//plugins/org.eclipse.justj.openjdk.hotspot.jre.full.win32.x86_64_17.0.4.v20220903-1038/jre/bin/server;D:/IDE/sts-4.16.0.RELEASE//plugins/org.eclipse.justj.openjdk.hotspot.jre.full.win32.x86_64_17.0.4.v20220903-1038/jre/bin;C:\Program Files\Common Files\Oracle\Java\javapath;C:\Program Files (x86)\Common Files\Oracle\Java\javapath;C:\Windows\system32;C:\Windows;C:\Windows\System32\Wbem;C:\Windows\System32\WindowsPowerShell\v1.0\;C:\Windows\System32\OpenSSH\;C:\Program Files (x86)\NVIDIA Corporation\PhysX\Common;C:\Program Files\NVIDIA Corporation\NVIDIA NvDLISR;C:\WINDOWS\system32;C:\WINDOWS;C:\WINDOWS\System32\Wbem;C:\WINDOWS\System32\WindowsPowerShell\v1.0\;C:\WINDOWS\System32\OpenSSH\;C:\Program Files\Microsoft SQL Server\Client SDK\ODBC\170\Tools\Binn\;C:\Program Files (x86)\Microsoft SQL Server\150\Tools\Binn\;C:\Program Files\Microsoft SQL Server\150\Tools\Binn\;C:\Program Files\Microsoft SQL Server\150\DTS\Binn\;C:\Program Files (x86)\Microsoft SQL Server\150\DTS\Binn\;C:\Program Files\Azure Data Studio\bin;C:\Program Files\Git\cmd;C:\Program Files\dotnet\;C:\Program Files\Common Files\Autodesk Shared\;C:\Program Files\Microsoft SQL Server\120\Tools\Binn\;C:\Program Files (x86)\Common Files\Acronis\SnapAPI\;D:\TDM-GCC-64\bin;C:\Users\thanh\OneDrive\Máy tính\Inda\LayLaiCode\GameGPT\bin;C:\Program Files\Java\jdk-20\bin;C:\Program Files\nodejs\;C:\Program Files\apache-maven-3.9.9\bin;C:\Program Files\MySQL\MySQL Shell 8.0\bin\;C:\Users\thanh\AppData\Local\Microsoft\WindowsApps;C:\Users\thanh\AppData\Local\Programs\Microsoft VS Code\bin;C:\Program Files\Azure Data Studio\bin;C:\Users\thanh\AppData\Local\GitHubDesktop\bin;C:\Program Files\JetBrains\IntelliJ IDEA Community Edition 2022.3.2\bin;;C:\Users\thanh\AppData\Roaming\npm;D:\IDE\sts-4.16.0.RELEASE;;."/>
    <property name="java.vm.info" value="mixed mode"/>
    <property name="java.vendor" value="Eclipse Adoptium"/>
    <property name="java.vm.version" value="17.0.4.1+1"/>
    <property name="sun.io.unicode.encoding" value="UnicodeLittle"/>
    <property name="java.class.version" value="61.0"/>
  </properties>
  <testcase name="whenCameraShowsCat_alarm" classname="com.udacity.security.service.SecurityServiceTest" time="0.801"/>
  <testcase name="whenSensorDeactivatedAndStatusPending_noAlarmStateChange(AlarmStatus)[1]" classname="com.udacity.security.service.SecurityServiceTest" time="0.032"/>
  <testcase name="whenSensorDeactivatedAndStatusPending_noAlarmStateChange(AlarmStatus)[2]" classname="com.udacity.security.service.SecurityServiceTest" time="0.002"/>
  <testcase name="whenSensorDeactivatedAndStatusPending_noAlarmStateChange(AlarmStatus)[3]" classname="com.udacity.security.service.SecurityServiceTest" time="0.003"/>
  <testcase name="whenSensorActiveAndAlarm" classname="com.udacity.security.service.SecurityServiceTest" time="0.002"/>
  <testcase name="toggleStatusListener" classname="com.udacity.security.service.SecurityServiceTest" time="0.001"/>
  <testcase name="whenImageServiceIdentifiesNoCat_noAlarm" classname="com.udacity.security.service.SecurityServiceTest" time="0.003"/>
  <testcase name="addRemoveSensors" classname="com.udacity.security.service.SecurityServiceTest" time="0.001"/>
  <testcase name="whenAlarmArmedAndSensorActivated_pending(ArmingStatus)[1]" classname="com.udacity.security.service.SecurityServiceTest" time="0.005"/>
  <testcase name="whenAlarmArmedAndSensorActivated_pending(ArmingStatus)[2]" classname="com.udacity.security.service.SecurityServiceTest" time="0.003"/>
  <testcase name="whenSensorActivatedAndStatusPending" classname="com.udacity.security.service.SecurityServiceTest" time="0.003"/>
  <testcase name="whenImageServiceIdentifiesCat_alarm" classname="com.udacity.security.service.SecurityServiceTest" time="0.004"/>
  <testcase name="whenSystemArmed_resetSensors(ArmingStatus)[1]" classname="com.udacity.security.service.SecurityServiceTest" time="0.01"/>
  <testcase name="whenSystemArmed_resetSensors(ArmingStatus)[2]" classname="com.udacity.security.service.SecurityServiceTest" time="0.002"/>
  <testcase name="whenSensorActiveAndPendingAlarm" classname="com.udacity.security.service.SecurityServiceTest" time="0.002"/>
  <testcase name="whenAlarmArmedAndSensorActivatedAndStatusPending_alarm(ArmingStatus)[1]" classname="com.udacity.security.service.SecurityServiceTest" time="0.003"/>
  <testcase name="whenAlarmArmedAndSensorActivatedAndStatusPending_alarm(ArmingStatus)[2]" classname="com.udacity.security.service.SecurityServiceTest" time="0.003"/>
  <testcase name="whenAlarmActiveIfSensorDeactivated_noSensorChange(boolean)[1]" classname="com.udacity.security.service.SecurityServiceTest" time="0.002"/>
  <testcase name="whenAlarmActiveIfSensorDeactivated_noSensorChange(boolean)[2]" classname="com.udacity.security.service.SecurityServiceTest" time="0.002"/>
  <testcase name="whenSystemDisarmed_noAlarm" classname="com.udacity.security.service.SecurityServiceTest" time="0.001"/>
  <testcase name="whenPendingAlarmAndAllSensorsInactive_noAlarm" classname="com.udacity.security.service.SecurityServiceTest" time="0.002"/>
</testsuite>